This is XeTeX, Version 3.141592653-2.6-0.999997 (TeX Live 2025) (preloaded format=xelatex 2025.10.12)  15 DEC 2025 13:54
entering extended mode
 restricted \write18 enabled.
 file:line:error style messages enabled.
 %&-line parsing enabled.
**report.tex
(./report.tex
LaTeX2e <2024-11-01> patch level 2
L3 programming layer <2025-01-18>
(./upm-report.cls
Document Class: upm-report 
(/usr/local/texlive/2025/texmf-dist/tex/latex/base/book.cls
Document Class: book 2024/06/29 v1.4n Standard LaTeX document class
(/usr/local/texlive/2025/texmf-dist/tex/latex/base/bk12.clo
File: bk12.clo 2024/06/29 v1.4n Standard LaTeX file (size option)
)
\c@part=\count192
\c@chapter=\count193
\c@section=\count194
\c@subsection=\count195
\c@subsubsection=\count196
\c@paragraph=\count197
\c@subparagraph=\count198
\c@figure=\count199
\c@table=\count266
\abovecaptionskip=\skip49
\belowcaptionskip=\skip50
\bibindent=\dimen141
)
(/usr/local/texlive/2025/texmf-dist/tex/generic/iftex/ifxetex.sty
Package: ifxetex 2019/10/25 v0.7 ifxetex legacy package. Use iftex instead.

(/usr/local/texlive/2025/texmf-dist/tex/generic/iftex/iftex.sty
Package: iftex 2024/12/12 v1.0g TeX engine tests
))
(/usr/local/texlive/2025/texmf-dist/tex/latex/appendix/appendix.sty
Package: appendix 2020/02/08 v1.2c extra appendix facilities
\c@@pps=\count267
\c@@ppsavesec=\count268
\c@@ppsaveapp=\count269
)
(/usr/local/texlive/2025/texmf-dist/tex/latex/awesomebox/awesomebox.sty
Package: awesomebox 2019/07/27 v0.6

(/usr/local/texlive/2025/texmf-dist/tex/latex/fontawesome5/fontawesome5.sty
(/usr/local/texlive/2025/texmf-dist/tex/latex/l3kernel/expl3.sty
Package: expl3 2025-01-18 L3 programming layer (loader) 

(/usr/local/texlive/2025/texmf-dist/tex/latex/l3backend/l3backend-xetex.def
File: l3backend-xetex.def 2024-05-08 L3 backend support: XeTeX
\g__graphics_track_int=\count270
\l__pdf_internal_box=\box52
\g__pdf_backend_annotation_int=\count271
\g__pdf_backend_link_int=\count272
))
Package: fontawesome5 2022/05/02 v5.15.4 Font Awesome 5

(/usr/local/texlive/2025/texmf-dist/tex/latex/l3packages/l3keys2e/l3keys2e.sty
Package: l3keys2e 2024-08-16 LaTeX2e option processing using LaTeX3 keys
) (/usr/local/texlive/2025/texmf-dist/tex/latex/l3packages/xparse/xparse.sty
Package: xparse 2024-08-16 L3 Experimental document command parser
)
(/usr/local/texlive/2025/texmf-dist/tex/latex/fontawesome5/fontawesome5-utex-he
lper.sty
Package: fontawesome5-utex-helper 2022/05/02 v5.15.4 uTeX helper for fontawesom
e5
LaTeX Font Info:    Trying to load font information for TU+fontawesomefree on i
nput line 69.

(/usr/local/texlive/2025/texmf-dist/tex/latex/fontawesome5/tufontawesomefree.fd
)
LaTeX Font Info:    Trying to load font information for TU+fontawesomebrands on
 input line 70.

(/usr/local/texlive/2025/texmf-dist/tex/latex/fontawesome5/tufontawesomebrands.
fd))) (/usr/local/texlive/2025/texmf-dist/tex/latex/xcolor/xcolor.sty
Package: xcolor 2024/09/29 v3.02 LaTeX color extensions (UK)

(/usr/local/texlive/2025/texmf-dist/tex/latex/graphics-cfg/color.cfg
File: color.cfg 2016/01/02 v1.6 sample color configuration
)
Package xcolor Info: Driver file: xetex.def on input line 274.

(/usr/local/texlive/2025/texmf-dist/tex/latex/graphics-def/xetex.def
File: xetex.def 2022/09/22 v5.0n Graphics/color driver for xetex
)
(/usr/local/texlive/2025/texmf-dist/tex/latex/graphics/mathcolor.ltx)
Package xcolor Info: Model `cmy' substituted by `cmy0' on input line 1349.
Package xcolor Info: Model `RGB' extended on input line 1365.
Package xcolor Info: Model `HTML' substituted by `rgb' on input line 1367.
Package xcolor Info: Model `Hsb' substituted by `hsb' on input line 1368.
Package xcolor Info: Model `tHsb' substituted by `hsb' on input line 1369.
Package xcolor Info: Model `HSB' substituted by `hsb' on input line 1370.
Package xcolor Info: Model `Gray' substituted by `gray' on input line 1371.
Package xcolor Info: Model `wave' substituted by `hsb' on input line 1372.
)
\aweboxleftmargin=\skip51
\aweboxcontentwidth=\skip52
\aweboxvskip=\skip53
\aweboxsignraise=\skip54
\aweboxrulewidth=\skip55

(/usr/local/texlive/2025/texmf-dist/tex/latex/tools/array.sty
Package: array 2024/10/17 v2.6g Tabular extension package (FMi)
\col@sep=\dimen142
\ar@mcellbox=\box53
\extrarowheight=\dimen143
\NC@list=\toks17
\extratabsurround=\skip56
\backup@length=\skip57
\ar@cellbox=\box54
)
(/usr/local/texlive/2025/texmf-dist/tex/latex/base/ifthen.sty
Package: ifthen 2024/03/16 v1.1e Standard LaTeX ifthen package (DPC)
)
\aweboxlinewidthvar=\skip58
\aweboxlinewidthref=\skip59
)
(/usr/local/texlive/2025/texmf-dist/tex/latex/changepage/changepage.sty
Package: changepage 2009/10/20 v1.0c check page and change page layout
\c@cp@cntr=\count273
\cp@tempcnt=\count274
)
(/usr/local/texlive/2025/texmf-dist/tex/latex/csquotes/csquotes.sty
Package: csquotes 2024-04-04 v5.2o context-sensitive quotations (JAW)

(/usr/local/texlive/2025/texmf-dist/tex/latex/etoolbox/etoolbox.sty
Package: etoolbox 2025/02/11 v2.5l e-TeX tools for LaTeX (JAW)
\etb@tempcnta=\count275
)
(/usr/local/texlive/2025/texmf-dist/tex/latex/graphics/keyval.sty
Package: keyval 2022/05/29 v1.15 key=value parser (DPC)
\KV@toks@=\toks18
)
\csq@reset=\count276
\csq@gtype=\count277
\csq@glevel=\count278
\csq@qlevel=\count279
\csq@maxlvl=\count280
\csq@tshold=\count281
\csq@ltx@everypar=\toks19

(/usr/local/texlive/2025/texmf-dist/tex/latex/csquotes/csquotes.def
File: csquotes.def 2024-04-04 v5.2o csquotes generic definitions (JAW)
)
Package csquotes Info: Trying to load configuration file 'csquotes.cfg'...
Package csquotes Info: ... configuration file loaded successfully.

(/usr/local/texlive/2025/texmf-dist/tex/latex/csquotes/csquotes.cfg
File: csquotes.cfg 
))
(/usr/local/texlive/2025/texmf-dist/tex/latex/eso-pic/eso-pic.sty
Package: eso-pic 2023/05/03 v3.0c eso-pic (RN)
\ESO@tempdima=\dimen144
\ESO@tempdimb=\dimen145
)
(/usr/local/texlive/2025/texmf-dist/tex/latex/graphics/graphicx.sty
Package: graphicx 2021/09/16 v1.2d Enhanced LaTeX Graphics (DPC,SPQR)

(/usr/local/texlive/2025/texmf-dist/tex/latex/graphics/graphics.sty
Package: graphics 2024/08/06 v1.4g Standard LaTeX Graphics (DPC,SPQR)

(/usr/local/texlive/2025/texmf-dist/tex/latex/graphics/trig.sty
Package: trig 2023/12/02 v1.11 sin cos tan (DPC)
)
(/usr/local/texlive/2025/texmf-dist/tex/latex/graphics-cfg/graphics.cfg
File: graphics.cfg 2016/06/04 v1.11 sample graphics configuration
)
Package graphics Info: Driver file: xetex.def on input line 106.
)
\Gin@req@height=\dimen146
\Gin@req@width=\dimen147
)
(/usr/local/texlive/2025/texmf-dist/tex/generic/hologo/hologo.sty
Package: hologo 2021-11-16 v1.15 A logo collection with bookmark support (HO)

(/usr/local/texlive/2025/texmf-dist/tex/generic/ltxcmds/ltxcmds.sty
Package: ltxcmds 2023-12-04 v1.26 LaTeX kernel commands for general use (HO)
)
(/usr/local/texlive/2025/texmf-dist/tex/generic/infwarerr/infwarerr.sty
Package: infwarerr 2019/12/03 v1.5 Providing info/warning/error messages (HO)
)
(/usr/local/texlive/2025/texmf-dist/tex/latex/kvsetkeys/kvsetkeys.sty
Package: kvsetkeys 2022-10-05 v1.19 Key value parser (HO)
)
(/usr/local/texlive/2025/texmf-dist/tex/generic/kvdefinekeys/kvdefinekeys.sty
Package: kvdefinekeys 2019-12-19 v1.6 Define keys (HO)
)
(/usr/local/texlive/2025/texmf-dist/tex/generic/pdftexcmds/pdftexcmds.sty
Package: pdftexcmds 2020-06-27 v0.33 Utility functions of pdfTeX for LuaTeX (HO
)
Package pdftexcmds Info: \pdf@primitive is available.
Package pdftexcmds Info: \pdf@ifprimitive is available.
Package pdftexcmds Info: \pdfdraftmode not found.
))
(/usr/local/texlive/2025/texmf-dist/tex/latex/tools/indentfirst.sty
Package: indentfirst 2023/07/02 v1.03 Indent first paragraph (DPC)
)
(/usr/local/texlive/2025/texmf-dist/tex/latex/pdflscape/pdflscape.sty
Package: pdflscape 2022-10-27 v0.13 Display of landscape pages in PDF

(/usr/local/texlive/2025/texmf-dist/tex/latex/pdflscape/pdflscape-nometadata.st
y
Package: pdflscape-nometadata 2022-10-28 v0.13 Display of landscape pages in PD
F (HO)
 (/usr/local/texlive/2025/texmf-dist/tex/latex/graphics/lscape.sty
Package: lscape 2020/05/28 v3.02 Landscape Pages (DPC)
)
Package pdflscape Info: Auto-detected driver: dvipdfm (xetex) on input line 98.

))
(/usr/local/texlive/2025/texmf-dist/tex/latex/algorithms/algorithm.sty
Invalid UTF-8 byte or sequence at line 11 replaced by U+FFFD.
Package: algorithm 2009/08/24 v0.1 Document Style `algorithm' - floating enviro
nment

(/usr/local/texlive/2025/texmf-dist/tex/latex/float/float.sty
Package: float 2001/11/08 v1.3d Float enhancements (AL)
\c@float@type=\count282
\float@exts=\toks20
\float@box=\box55
\@float@everytoks=\toks21
\@floatcapt=\box56
)
\@float@every@algorithm=\toks22
\c@algorithm=\count283
)
(/usr/local/texlive/2025/texmf-dist/tex/latex/algorithmicx/algpseudocode.sty
Package: algpseudocode 

(/usr/local/texlive/2025/texmf-dist/tex/latex/algorithmicx/algorithmicx.sty
Package: algorithmicx 2005/04/27 v1.2 Algorithmicx

Document Style algorithmicx 1.2 - a greatly improved `algorithmic' style
\c@ALG@line=\count284
\c@ALG@rem=\count285
\c@ALG@nested=\count286
\ALG@tlm=\skip60
\ALG@thistlm=\skip61
\c@ALG@Lnr=\count287
\c@ALG@blocknr=\count288
\c@ALG@storecount=\count289
\c@ALG@tmpcounter=\count290
\ALG@tmplength=\skip62
)
Document Style - pseudocode environments for use with the `algorithmicx' style
) (/usr/local/texlive/2025/texmf-dist/tex/latex/colortbl/colortbl.sty
Package: colortbl 2024/07/06 v1.0i Color table columns (DPC)
\everycr=\toks23
\minrowclearance=\skip63
\rownum=\count291
)
(/usr/local/texlive/2025/texmf-dist/tex/latex/kvoptions/kvoptions.sty
Package: kvoptions 2022-06-15 v3.15 Key value format for package options (HO)
)
(/usr/local/texlive/2025/texmf-dist/tex/generic/babel/babel.sty
Package: babel 2025/02/14 v25.4 The multilingual framework for pdfLaTeX, LuaLaT
eX and XeLaTeX
\babel@savecnt=\count292
\U@D=\dimen148
\l@unhyphenated=\language90

(/usr/local/texlive/2025/texmf-dist/tex/generic/babel/xebabel.def)
\bbl@readstream=\read2
\bbl@dirlevel=\count293

(/usr/local/texlive/2025/texmf-dist/tex/generic/babel-spanish/spanish.ldf
Language: spanish.ldf 2021/05/27 v5.0q Spanish support from the babel system
\es@quottoks=\toks24
\es@quotdepth=\count294
Package babel Info: Making " an active character on input line 570.
Package babel Info: Making . an active character on input line 675.
Package babel Info: Making < an active character on input line 722.
Package babel Info: Making > an active character on input line 722.
))
(/usr/local/texlive/2025/texmf-dist/tex/generic/babel/locale/es/babel-spanish.t
ex
Package babel Info: Importing font and identification data for spanish
(babel)             from babel-es.ini. Reported on input line 11.
) (/usr/local/texlive/2025/texmf-dist/tex/latex/geometry/geometry.sty
Package: geometry 2020/01/02 v5.9 Page Geometry

(/usr/local/texlive/2025/texmf-dist/tex/generic/iftex/ifvtex.sty
Package: ifvtex 2019/10/25 v1.7 ifvtex legacy package. Use iftex instead.
)
\Gm@cnth=\count295
\Gm@cntv=\count296
\c@Gm@tempcnt=\count297
\Gm@bindingoffset=\dimen149
\Gm@wd@mp=\dimen150
\Gm@odd@mp=\dimen151
\Gm@even@mp=\dimen152
\Gm@layoutwidth=\dimen153
\Gm@layoutheight=\dimen154
\Gm@layouthoffset=\dimen155
\Gm@layoutvoffset=\dimen156
\Gm@dimlist=\toks25
)
(/usr/local/texlive/2025/texmf-dist/tex/latex/fancyhdr/fancyhdr.sty
Package: fancyhdr 2025/02/07 v5.2 Extensive control of page headers and footers

\f@nch@headwidth=\skip64
\f@nch@offset@elh=\skip65
\f@nch@offset@erh=\skip66
\f@nch@offset@olh=\skip67
\f@nch@offset@orh=\skip68
\f@nch@offset@elf=\skip69
\f@nch@offset@erf=\skip70
\f@nch@offset@olf=\skip71
\f@nch@offset@orf=\skip72
\f@nch@height=\skip73
\f@nch@footalignment=\skip74
\f@nch@widthL=\skip75
\f@nch@widthC=\skip76
\f@nch@widthR=\skip77
\@temptokenb=\toks26
)
(/usr/local/texlive/2025/texmf-dist/tex/latex/titlesec/titlesec.sty
Package: titlesec 2025/01/04 v2.17 Sectioning titles
\ttl@box=\box57
\beforetitleunit=\skip78
\aftertitleunit=\skip79
\ttl@plus=\dimen157
\ttl@minus=\dimen158
\ttl@toksa=\toks27
\titlewidth=\dimen159
\titlewidthlast=\dimen160
\titlewidthfirst=\dimen161
)
(/usr/local/texlive/2025/texmf-dist/tex/latex/titlesec/titletoc.sty
Package: titletoc 2025/01/04 v2.17 TOC entries
\ttl@leftsep=\dimen162
)
(/usr/local/texlive/2025/texmf-dist/tex/latex/fontspec/fontspec.sty
Package: fontspec 2024/05/11 v2.9e Font selection for XeLaTeX and LuaLaTeX

(/usr/local/texlive/2025/texmf-dist/tex/latex/fontspec/fontspec-xetex.sty
Package: fontspec-xetex 2024/05/11 v2.9e Font selection for XeLaTeX and LuaLaTe
X
\l__fontspec_script_int=\count298
\l__fontspec_language_int=\count299
\l__fontspec_strnum_int=\count300
\l__fontspec_tmp_int=\count301
\l__fontspec_tmpa_int=\count302
\l__fontspec_tmpb_int=\count303
\l__fontspec_tmpc_int=\count304
\l__fontspec_em_int=\count305
\l__fontspec_emdef_int=\count306
\l__fontspec_strong_int=\count307
\l__fontspec_strongdef_int=\count308
\l__fontspec_tmpa_dim=\dimen163
\l__fontspec_tmpb_dim=\dimen164
\l__fontspec_tmpc_dim=\dimen165

(/usr/local/texlive/2025/texmf-dist/tex/latex/base/fontenc.sty
Package: fontenc 2021/04/29 v2.0v Standard LaTeX package
)
(/usr/local/texlive/2025/texmf-dist/tex/latex/fontspec/fontspec.cfg)))
(/usr/local/texlive/2025/texmf-dist/tex/latex/microtype/microtype.sty
Package: microtype 2025/02/11 v3.2a Micro-typographical refinements (RS)
\MT@toks=\toks28
\MT@tempbox=\box58
\MT@count=\count309
LaTeX Info: Redefining \noprotrusionifhmode on input line 1087.
LaTeX Info: Redefining \leftprotrusion on input line 1088.
\MT@prot@toks=\toks29
LaTeX Info: Redefining \rightprotrusion on input line 1107.
LaTeX Info: Redefining \textls on input line 1449.
\MT@outer@kern=\dimen166
LaTeX Info: Redefining \microtypecontext on input line 2053.
LaTeX Info: Redefining \textmicrotypecontext on input line 2070.
\MT@listname@count=\count310

(/usr/local/texlive/2025/texmf-dist/tex/latex/microtype/microtype-xetex.def
File: microtype-xetex.def 2025/02/11 v3.2a Definitions specific to xetex (RS)
LaTeX Info: Redefining \lsstyle on input line 443.
LaTeX Info: Redefining \lslig on input line 451.
\MT@outer@space=\skip80
)
Package microtype Info: Loading configuration file microtype.cfg.

(/usr/local/texlive/2025/texmf-dist/tex/latex/microtype/microtype.cfg
File: microtype.cfg 2025/02/11 v3.2a microtype main configuration file (RS)
)
LaTeX Info: Redefining \microtypesetup on input line 3065.
)

Package fontspec Info: 
(fontspec)             Font family 'SourceSerif4(0)' created for font 'Source
(fontspec)             Serif 4' with options [Ligatures=TeX,BoldFont=Source
(fontspec)             Serif 4 Bold,BoldItalicFont=Source Serif 4 Bold
(fontspec)             Italic].
(fontspec)              
(fontspec)              This font family consists of the following NFSS
(fontspec)             series/shapes:
(fontspec)              
(fontspec)             - 'normal' (m/n) with NFSS spec.: <->"Source Serif
(fontspec)             4/OT:script=latn;language=dflt;mapping=tex-text;"
(fontspec)             - 'small caps'  (m/sc) with NFSS spec.: <->"Source
(fontspec)             Serif
(fontspec)             4/OT:script=latn;language=dflt;+smcp;mapping=tex-text;"
(fontspec)             - 'bold' (b/n) with NFSS spec.: <->"Source Serif 4
(fontspec)             Bold/OT:script=latn;language=dflt;mapping=tex-text;"
(fontspec)             - 'bold small caps'  (b/sc) with NFSS spec.: <->"Source
(fontspec)             Serif 4
(fontspec)             Bold/OT:script=latn;language=dflt;+smcp;mapping=tex-text
;"
(fontspec)             - 'italic' (m/it) with NFSS spec.: <->"Source Serif
(fontspec)             4/I/OT:script=latn;language=dflt;mapping=tex-text;"
(fontspec)             - 'bold italic' (b/it) with NFSS spec.: <->"Source
(fontspec)             Serif 4 Bold
(fontspec)             Italic/OT:script=latn;language=dflt;mapping=tex-text;"


Package fontspec Info: 
(fontspec)             Font family 'Helvetica(0)' created for font 'Helvetica'
(fontspec)             with options [Ligatures=TeX].
(fontspec)              
(fontspec)              This font family consists of the following NFSS
(fontspec)             series/shapes:
(fontspec)              
(fontspec)             - 'normal' (m/n) with NFSS spec.:
(fontspec)             <->"Helvetica/AAT:mapping=tex-text;"
(fontspec)             - 'bold' (b/n) with NFSS spec.:
(fontspec)             <->"Helvetica/B/AAT:mapping=tex-text;"
(fontspec)             - 'italic' (m/it) with NFSS spec.:
(fontspec)             <->"Helvetica/I/AAT:mapping=tex-text;"
(fontspec)             - 'bold italic' (b/it) with NFSS spec.:
(fontspec)             <->"Helvetica/BI/AAT:mapping=tex-text;"


Package fontspec Info: 
(fontspec)             Font family 'Menlo(0)' created for font 'Menlo' with
(fontspec)             options
(fontspec)             [WordSpace={1,0,0},HyphenChar=None,PunctuationSpace=Word
Space].
(fontspec)              
(fontspec)              This font family consists of the following NFSS
(fontspec)             series/shapes:
(fontspec)              
(fontspec)             - 'normal' (m/n) with NFSS spec.: <->"Menlo/AAT"
(fontspec)             - 'bold' (b/n) with NFSS spec.: <->"Menlo/B/AAT"
(fontspec)             - 'italic' (m/it) with NFSS spec.: <->"Menlo/I/AAT"
(fontspec)             - 'bold italic' (b/it) with NFSS spec.:
(fontspec)             <->"Menlo/BI/AAT"


(/usr/local/texlive/2025/texmf-dist/tex/latex/amsmath/amsmath.sty
Package: amsmath 2024/11/05 v2.17t AMS math features
\@mathmargin=\skip81

For additional information on amsmath, use the `?' option.
(/usr/local/texlive/2025/texmf-dist/tex/latex/amsmath/amstext.sty
Package: amstext 2021/08/26 v2.01 AMS text

(/usr/local/texlive/2025/texmf-dist/tex/latex/amsmath/amsgen.sty
File: amsgen.sty 1999/11/30 v2.0 generic functions
\@emptytoks=\toks30
\ex@=\dimen167
))
(/usr/local/texlive/2025/texmf-dist/tex/latex/amsmath/amsbsy.sty
Package: amsbsy 1999/11/29 v1.2d Bold Symbols
\pmbraise@=\dimen168
)
(/usr/local/texlive/2025/texmf-dist/tex/latex/amsmath/amsopn.sty
Package: amsopn 2022/04/08 v2.04 operator names
)
\inf@bad=\count311
LaTeX Info: Redefining \frac on input line 233.
\uproot@=\count312
\leftroot@=\count313
LaTeX Info: Redefining \overline on input line 398.
LaTeX Info: Redefining \colon on input line 409.
\classnum@=\count314
\DOTSCASE@=\count315
LaTeX Info: Redefining \ldots on input line 495.
LaTeX Info: Redefining \dots on input line 498.
LaTeX Info: Redefining \cdots on input line 619.
\Mathstrutbox@=\box59
\strutbox@=\box60
LaTeX Info: Redefining \big on input line 721.
LaTeX Info: Redefining \Big on input line 722.
LaTeX Info: Redefining \bigg on input line 723.
LaTeX Info: Redefining \Bigg on input line 724.
\big@size=\dimen169
LaTeX Font Info:    Redeclaring font encoding OML on input line 742.
LaTeX Font Info:    Redeclaring font encoding OMS on input line 743.
\macc@depth=\count316
LaTeX Info: Redefining \bmod on input line 904.
LaTeX Info: Redefining \pmod on input line 909.
LaTeX Info: Redefining \smash on input line 939.
LaTeX Info: Redefining \relbar on input line 969.
LaTeX Info: Redefining \Relbar on input line 970.
\c@MaxMatrixCols=\count317
\dotsspace@=\muskip17
\c@parentequation=\count318
\dspbrk@lvl=\count319
\tag@help=\toks31
\row@=\count320
\column@=\count321
\maxfields@=\count322
\andhelp@=\toks32
\eqnshift@=\dimen170
\alignsep@=\dimen171
\tagshift@=\dimen172
\tagwidth@=\dimen173
\totwidth@=\dimen174
\lineht@=\dimen175
\@envbody=\toks33
\multlinegap=\skip82
\multlinetaggap=\skip83
\mathdisplay@stack=\toks34
LaTeX Info: Redefining \[ on input line 2953.
LaTeX Info: Redefining \] on input line 2954.
)
(/usr/local/texlive/2025/texmf-dist/tex/latex/amsfonts/amssymb.sty
Package: amssymb 2013/01/14 v3.01 AMS font symbols

(/usr/local/texlive/2025/texmf-dist/tex/latex/amsfonts/amsfonts.sty
Package: amsfonts 2013/01/14 v3.01 Basic AMSFonts support
\symAMSa=\mathgroup4
\symAMSb=\mathgroup5
LaTeX Font Info:    Redeclaring math symbol \hbar on input line 98.
LaTeX Font Info:    Overwriting math alphabet `\mathfrak' in version `bold'
(Font)                  U/euf/m/n --> U/euf/b/n on input line 106.
))
(/usr/local/texlive/2025/texmf-dist/tex/latex/mathtools/mathtools.sty
Package: mathtools 2024/10/04 v1.31 mathematical typesetting tools

(/usr/local/texlive/2025/texmf-dist/tex/latex/tools/calc.sty
Package: calc 2023/07/08 v4.3 Infix arithmetic (KKT,FJ)
\calc@Acount=\count323
\calc@Bcount=\count324
\calc@Adimen=\dimen176
\calc@Bdimen=\dimen177
\calc@Askip=\skip84
\calc@Bskip=\skip85
LaTeX Info: Redefining \setlength on input line 80.
LaTeX Info: Redefining \addtolength on input line 81.
\calc@Ccount=\count325
\calc@Cskip=\skip86
)
(/usr/local/texlive/2025/texmf-dist/tex/latex/mathtools/mhsetup.sty
Package: mhsetup 2021/03/18 v1.4 programming setup (MH)
)
\g_MT_multlinerow_int=\count326
\l_MT_multwidth_dim=\dimen178
\origjot=\skip87
\l_MT_shortvdotswithinadjustabove_dim=\dimen179
\l_MT_shortvdotswithinadjustbelow_dim=\dimen180
\l_MT_above_intertext_sep=\dimen181
\l_MT_below_intertext_sep=\dimen182
\l_MT_above_shortintertext_sep=\dimen183
\l_MT_below_shortintertext_sep=\dimen184
\xmathstrut@box=\box61
\xmathstrut@dim=\dimen185
)
(/usr/local/texlive/2025/texmf-dist/tex/latex/xfrac/xfrac.sty
Package: xfrac 2024-06-04 Split-level fractions
\l__xfrac_slash_box=\box62
\l__xfrac_tmp_box=\box63
\l__xfrac_denominator_bot_sep_dim=\dimen186
\l__xfrac_numerator_bot_sep_dim=\dimen187
\l__xfrac_numerator_top_sep_dim=\dimen188
\l__xfrac_slash_left_sep_dim=\dimen189
\l__xfrac_slash_right_sep_dim=\dimen190
\l__xfrac_slash_left_muskip=\muskip18
\l__xfrac_slash_right_muskip=\muskip19

LaTeX template Info: Declaring template type 'xfrac' taking 3 argument(s) on
(template)           line 100.


LaTeX template Info: Declaring instance 'cmr' of type xfrac on line 392.


LaTeX template Info: Declaring instance 'cmss' of type xfrac on line 392.


LaTeX template Info: Declaring instance 'cmtt' of type xfrac on line 392.

)
(/usr/local/texlive/2025/texmf-dist/tex/latex/tools/tabularx.sty
Package: tabularx 2023/12/11 v2.12a `tabularx' package (DPC)
\TX@col@width=\dimen191
\TX@old@table=\dimen192
\TX@old@col=\dimen193
\TX@target=\dimen194
\TX@delta=\dimen195
\TX@cols=\count327
\TX@ftn=\toks35
)
(/usr/local/texlive/2025/texmf-dist/tex/latex/booktabs/booktabs.sty
Package: booktabs 2020/01/12 v1.61803398 Publication quality tables
\heavyrulewidth=\dimen196
\lightrulewidth=\dimen197
\cmidrulewidth=\dimen198
\belowrulesep=\dimen199
\belowbottomsep=\dimen256
\aboverulesep=\dimen257
\abovetopsep=\dimen258
\cmidrulesep=\dimen259
\cmidrulekern=\dimen260
\defaultaddspace=\dimen261
\@cmidla=\count328
\@cmidlb=\count329
\@aboverulesep=\dimen262
\@belowrulesep=\dimen263
\@thisruleclass=\count330
\@lastruleclass=\count331
\@thisrulewidth=\dimen264
)
(/usr/local/texlive/2025/texmf-dist/tex/latex/caption/caption.sty
Package: caption 2023/08/05 v3.6o Customizing captions (AR)

(/usr/local/texlive/2025/texmf-dist/tex/latex/caption/caption3.sty
Package: caption3 2023/07/31 v2.4d caption3 kernel (AR)
\caption@tempdima=\dimen265
\captionmargin=\dimen266
\caption@leftmargin=\dimen267
\caption@rightmargin=\dimen268
\caption@width=\dimen269
\caption@indent=\dimen270
\caption@parindent=\dimen271
\caption@hangindent=\dimen272
Package caption Info: Standard document class detected.
)
\c@caption@flags=\count332
\c@continuedfloat=\count333
Package caption Info: changepage package is loaded.
\caption@adjustwidth@hsize=\dimen273
\caption@adjustwidth@linewidth=\dimen274
Package caption Info: float package is loaded.
)
(/usr/local/texlive/2025/texmf-dist/tex/latex/caption/subcaption.sty
Package: subcaption 2023/07/28 v1.6b Sub-captions (AR)
Package caption Info: New subtype `subfigure' on input line 238.
\c@subfigure=\count334
Package caption Info: New subtype `subtable' on input line 238.
\c@subtable=\count335
)
(/usr/local/texlive/2025/texmf-dist/tex/latex/enumitem/enumitem.sty
Package: enumitem 2025/02/06 v3.11 Customized lists
\labelindent=\skip88
\enit@outerparindent=\dimen275
\enit@toks=\toks36
\enit@inbox=\box64
\enit@count@id=\count336
\enitdp@description=\count337
)
(/usr/local/texlive/2025/texmf-dist/tex/latex/hyperref/hyperref.sty
Package: hyperref 2024-11-05 v7.01l Hypertext links for LaTeX

(/usr/local/texlive/2025/texmf-dist/tex/generic/pdfescape/pdfescape.sty
Package: pdfescape 2019/12/09 v1.15 Implements pdfTeX's escape features (HO)
)
(/usr/local/texlive/2025/texmf-dist/tex/latex/hycolor/hycolor.sty
Package: hycolor 2020-01-27 v1.10 Color options for hyperref/bookmark (HO)
)
(/usr/local/texlive/2025/texmf-dist/tex/latex/hyperref/nameref.sty
Package: nameref 2023-11-26 v2.56 Cross-referencing by name of section

(/usr/local/texlive/2025/texmf-dist/tex/latex/refcount/refcount.sty
Package: refcount 2019/12/15 v3.6 Data extraction from label references (HO)
)
(/usr/local/texlive/2025/texmf-dist/tex/generic/gettitlestring/gettitlestring.s
ty
Package: gettitlestring 2019/12/15 v1.6 Cleanup title references (HO)
)
\c@section@level=\count338
) (/usr/local/texlive/2025/texmf-dist/tex/generic/stringenc/stringenc.sty
Package: stringenc 2019/11/29 v1.12 Convert strings between diff. encodings (HO
)
)
\@linkdim=\dimen276
\Hy@linkcounter=\count339
\Hy@pagecounter=\count340

(/usr/local/texlive/2025/texmf-dist/tex/latex/hyperref/pd1enc.def
File: pd1enc.def 2024-11-05 v7.01l Hyperref: PDFDocEncoding definition (HO)
)
(/usr/local/texlive/2025/texmf-dist/tex/generic/intcalc/intcalc.sty
Package: intcalc 2019/12/15 v1.3 Expandable calculations with integers (HO)
)
\Hy@SavedSpaceFactor=\count341

(/usr/local/texlive/2025/texmf-dist/tex/latex/hyperref/puenc.def
File: puenc.def 2024-11-05 v7.01l Hyperref: PDF Unicode definition (HO)
)
Package hyperref Info: Option `naturalnames' set `true' on input line 4040.
Package hyperref Info: Hyper figures OFF on input line 4157.
Package hyperref Info: Link nesting OFF on input line 4162.
Package hyperref Info: Hyper index ON on input line 4165.
Package hyperref Info: Plain pages OFF on input line 4172.
Package hyperref Info: Backreferencing OFF on input line 4177.
Package hyperref Info: Implicit mode ON; LaTeX internals redefined.
Package hyperref Info: Bookmarks ON on input line 4424.
\c@Hy@tempcnt=\count342

(/usr/local/texlive/2025/texmf-dist/tex/latex/url/url.sty
\Urlmuskip=\muskip20
Package: url 2013/09/16  ver 3.4  Verb mode for urls, etc.
)
LaTeX Info: Redefining \url on input line 4763.
\XeTeXLinkMargin=\dimen277

(/usr/local/texlive/2025/texmf-dist/tex/generic/bitset/bitset.sty
Package: bitset 2019/12/09 v1.3 Handle bit-vector datatype (HO)

(/usr/local/texlive/2025/texmf-dist/tex/generic/bigintcalc/bigintcalc.sty
Package: bigintcalc 2019/12/15 v1.5 Expandable calculations on big integers (HO
)
))
\Fld@menulength=\count343
\Field@Width=\dimen278
\Fld@charsize=\dimen279
Package hyperref Info: Hyper figures OFF on input line 6042.
Package hyperref Info: Link nesting OFF on input line 6047.
Package hyperref Info: Hyper index ON on input line 6050.
Package hyperref Info: backreferencing OFF on input line 6057.
Package hyperref Info: Link coloring OFF on input line 6062.
Package hyperref Info: Link coloring with OCG OFF on input line 6067.
Package hyperref Info: PDF/A mode OFF on input line 6072.

(/usr/local/texlive/2025/texmf-dist/tex/latex/base/atbegshi-ltx.sty
Package: atbegshi-ltx 2021/01/10 v1.0c Emulation of the original atbegshi
package with kernel methods
)
\Hy@abspage=\count344
\c@Item=\count345
\c@Hfootnote=\count346
)
Package hyperref Info: Driver (autodetected): hxetex.

(/usr/local/texlive/2025/texmf-dist/tex/latex/hyperref/hxetex.def
File: hxetex.def 2024-11-05 v7.01l Hyperref driver for XeTeX
\pdfm@box=\box65
\c@Hy@AnnotLevel=\count347
\HyField@AnnotCount=\count348
\Fld@listcount=\count349
\c@bookmark@seq@number=\count350

(/usr/local/texlive/2025/texmf-dist/tex/latex/rerunfilecheck/rerunfilecheck.sty
Package: rerunfilecheck 2022-07-10 v1.10 Rerun checks for auxiliary files (HO)
(/usr/local/texlive/2025/texmf-dist/tex/latex/base/atveryend-ltx.sty
Package: atveryend-ltx 2020/08/19 v1.0a Emulation of the original atveryend pac
kage
with kernel methods
)
(/usr/local/texlive/2025/texmf-dist/tex/generic/uniquecounter/uniquecounter.sty
Package: uniquecounter 2019/12/15 v1.4 Provide unlimited unique counter (HO)
)
Package uniquecounter Info: New unique counter `rerunfilecheck' on input line 2
85.
)
\Hy@SectionHShift=\skip89
)
Package hyperref Info: Option `breaklinks' set `true' on input line 396.
Package hyperref Info: Option `plainpages' set `false' on input line 396.
Package hyperref Info: Option `unicode' set `true' on input line 396.
Package hyperref Info: Option `colorlinks' set `true' on input line 396.
 (/usr/local/texlive/2025/texmf-dist/tex/latex/listings/listings.sty
\lst@mode=\count351
\lst@gtempboxa=\box66
\lst@token=\toks37
\lst@length=\count352
\lst@currlwidth=\dimen280
\lst@column=\count353
\lst@pos=\count354
\lst@lostspace=\dimen281
\lst@width=\dimen282
\lst@newlines=\count355
\lst@lineno=\count356
\lst@maxwidth=\dimen283

(/usr/local/texlive/2025/texmf-dist/tex/latex/listings/lstpatch.sty
File: lstpatch.sty 2024/09/23 1.10c (Carsten Heinz)
)
(/usr/local/texlive/2025/texmf-dist/tex/latex/listings/lstmisc.sty
File: lstmisc.sty 2024/09/23 1.10c (Carsten Heinz)
\c@lstnumber=\count357
\lst@skipnumbers=\count358
\lst@framebox=\box67
)
(/usr/local/texlive/2025/texmf-dist/tex/latex/listings/listings.cfg
File: listings.cfg 2024/09/23 1.10c listings configuration
))
Package: listings 2024/09/23 1.10c (Carsten Heinz)

(/usr/local/texlive/2025/texmf-dist/tex/latex/totalcount/totalcount.sty
Package: totalcount 2018/01/21 v1.0a Total values of counters (AR)
\c@totalcount@figure=\count359
\c@totalcount@table=\count360
\c@totalcount@lstlisting=\count361
\c@totalcount@equation=\count362
)
(/usr/local/texlive/2025/texmf-dist/tex/latex/doclicense/doclicense.sty
Package: doclicense 2023/10/01 v3.3.0 Support for putting documents under a lic
ense

(/usr/local/texlive/2025/texmf-dist/tex/latex/xifthen/xifthen.sty
Package: xifthen 2015/11/05 v1.4.0 Extended ifthen features

(/usr/local/texlive/2025/texmf-dist/tex/latex/ifmtarg/ifmtarg.sty
Package: ifmtarg 2018/04/16 v1.2b check for an empty argument
))
(/usr/local/texlive/2025/texmf-dist/tex/generic/xstring/xstring.sty
(/usr/local/texlive/2025/texmf-dist/tex/generic/xstring/xstring.tex
\xs_counta=\count363
\xs_countb=\count364
)
Package: xstring 2023/08/22 v1.86 String manipulations (CT)
)
(/usr/local/texlive/2025/texmf-dist/tex/latex/tools/xspace.sty
Package: xspace 2014/10/28 v1.13 Space after command names (DPC,MH)
)
(/usr/local/texlive/2025/texmf-dist/tex/latex/tools/verbatim.sty
Package: verbatim 2024-01-22 v1.5x LaTeX2e package for verbatim enhancements
\every@verbatim=\toks38
\verbatim@line=\toks39
\verbatim@in@stream=\read3
)
(/usr/local/texlive/2025/texmf-dist/tex/latex/hyperxmp/hyperxmp.sty
Package: hyperxmp 2024/03/17 v5.13 Store hyperref metadata in XMP format
\hyxmp@aep@toks=\toks40
\@hyxmp@count=\count365

(/usr/local/texlive/2025/texmf-dist/tex/latex/oberdiek/ifdraft.sty
Package: ifdraft 2016/05/16 v1.4 Detect class options draft and final (HO)
)
(/usr/local/texlive/2025/texmf-dist/tex/generic/iftex/ifluatex.sty
Package: ifluatex 2019/10/25 v1.5 ifluatex legacy package. Use iftex instead.
))
\doclicense@hsize=\skip90

(/usr/local/texlive/2025/texmf-dist/tex/latex/doclicense/doclicense-spanish.ldf
File: doclicense-spanish.ldf 
)) (/usr/local/texlive/2025/texmf-dist/tex/latex/biblatex/biblatex.sty
Package: biblatex 2024/03/21 v3.20 programmable bibliographies (PK/MW)

(/usr/local/texlive/2025/texmf-dist/tex/latex/logreq/logreq.sty
Package: logreq 2010/08/04 v1.0 xml request logger
\lrq@indent=\count366

(/usr/local/texlive/2025/texmf-dist/tex/latex/logreq/logreq.def
File: logreq.def 2010/08/04 v1.0 logreq spec v1.0
))
\c@tabx@nest=\count367
\c@listtotal=\count368
\c@listcount=\count369
\c@liststart=\count370
\c@liststop=\count371
\c@citecount=\count372
\c@citetotal=\count373
\c@multicitecount=\count374
\c@multicitetotal=\count375
\c@instcount=\count376
\c@maxnames=\count377
\c@minnames=\count378
\c@maxitems=\count379
\c@minitems=\count380
\c@citecounter=\count381
\c@maxcitecounter=\count382
\c@savedcitecounter=\count383
\c@uniquelist=\count384
\c@uniquename=\count385
\c@refsection=\count386
\c@refsegment=\count387
\c@maxextratitle=\count388
\c@maxextratitleyear=\count389
\c@maxextraname=\count390
\c@maxextradate=\count391
\c@maxextraalpha=\count392
\c@abbrvpenalty=\count393
\c@highnamepenalty=\count394
\c@lownamepenalty=\count395
\c@maxparens=\count396
\c@parenlevel=\count397
\blx@tempcnta=\count398
\blx@tempcntb=\count399
\blx@tempcntc=\count400
\c@blx@maxsection=\count401
\blx@maxsegment@0=\count402
\blx@notetype=\count403
\blx@parenlevel@text=\count404
\blx@parenlevel@foot=\count405
\blx@sectionciteorder@0=\count406
\blx@sectionciteorderinternal@0=\count407
\blx@entrysetcounter=\count408
\blx@biblioinstance=\count409
\labelnumberwidth=\skip91
\labelalphawidth=\skip92
\biblabelsep=\skip93
\bibitemsep=\skip94
\bibnamesep=\skip95
\bibinitsep=\skip96
\bibparsep=\skip97
\bibhang=\skip98
\blx@bcfin=\read4
\blx@bcfout=\write3
\blx@langwohyphens=\language91
\c@mincomprange=\count410
\c@maxcomprange=\count411
\c@mincompwidth=\count412
Package biblatex Info: Trying to load biblatex default data model...
Package biblatex Info: ... file 'blx-dm.def' found.

(/usr/local/texlive/2025/texmf-dist/tex/latex/biblatex/blx-dm.def
File: blx-dm.def 2024/03/21 v3.20 biblatex datamodel (PK/MW)
)
Package biblatex Info: Trying to load biblatex style data model...
Package biblatex Info: ... file 'ieee.dbx' not found.
Package biblatex Info: Trying to load biblatex custom data model...
Package biblatex Info: ... file 'biblatex-dm.cfg' not found.
\c@afterword=\count413
\c@savedafterword=\count414
\c@annotator=\count415
\c@savedannotator=\count416
\c@author=\count417
\c@savedauthor=\count418
\c@bookauthor=\count419
\c@savedbookauthor=\count420
\c@commentator=\count421
\c@savedcommentator=\count422
\c@editor=\count423
\c@savededitor=\count424
\c@editora=\count425
\c@savededitora=\count426
\c@editorb=\count427
\c@savededitorb=\count428
\c@editorc=\count429
\c@savededitorc=\count430
\c@foreword=\count431
\c@savedforeword=\count432
\c@holder=\count433
\c@savedholder=\count434
\c@introduction=\count435
\c@savedintroduction=\count436
\c@namea=\count437
\c@savednamea=\count438
\c@nameb=\count439
\c@savednameb=\count440
\c@namec=\count441
\c@savednamec=\count442
\c@translator=\count443
\c@savedtranslator=\count444
\c@shortauthor=\count445
\c@savedshortauthor=\count446
\c@shorteditor=\count447
\c@savedshorteditor=\count448
\c@labelname=\count449
\c@savedlabelname=\count450
\c@institution=\count451
\c@savedinstitution=\count452
\c@lista=\count453
\c@savedlista=\count454
\c@listb=\count455
\c@savedlistb=\count456
\c@listc=\count457
\c@savedlistc=\count458
\c@listd=\count459
\c@savedlistd=\count460
\c@liste=\count461
\c@savedliste=\count462
\c@listf=\count463
\c@savedlistf=\count464
\c@location=\count465
\c@savedlocation=\count466
\c@organization=\count467
\c@savedorganization=\count468
\c@origlocation=\count469
\c@savedoriglocation=\count470
\c@origpublisher=\count471
\c@savedorigpublisher=\count472
\c@publisher=\count473
\c@savedpublisher=\count474
\c@language=\count475
\c@savedlanguage=\count476
\c@origlanguage=\count477
\c@savedoriglanguage=\count478
\c@pageref=\count479
\c@savedpageref=\count480
\shorthandwidth=\skip99
\shortjournalwidth=\skip100
\shortserieswidth=\skip101
\shorttitlewidth=\skip102
\shortauthorwidth=\skip103
\shorteditorwidth=\skip104
\locallabelnumberwidth=\skip105
\locallabelalphawidth=\skip106
\localshorthandwidth=\skip107
\localshortjournalwidth=\skip108
\localshortserieswidth=\skip109
\localshorttitlewidth=\skip110
\localshortauthorwidth=\skip111
\localshorteditorwidth=\skip112
Package biblatex Info: Trying to load enhanced support for Unicode engines...
Package biblatex Info: ... file 'blx-unicode.def' found.

(/usr/local/texlive/2025/texmf-dist/tex/latex/biblatex/blx-unicode.def)
Package biblatex Info: Trying to load compatibility code...
Package biblatex Info: ... file 'blx-compat.def' found.

(/usr/local/texlive/2025/texmf-dist/tex/latex/biblatex/blx-compat.def
File: blx-compat.def 2024/03/21 v3.20 biblatex compatibility (PK/MW)
)
Package biblatex Info: Trying to load generic definitions...
Package biblatex Info: ... file 'biblatex.def' found.

(/usr/local/texlive/2025/texmf-dist/tex/latex/biblatex/biblatex.def
File: biblatex.def 2024/03/21 v3.20 biblatex compatibility (PK/MW)
\c@textcitecount=\count481
\c@textcitetotal=\count482
\c@textcitemaxnames=\count483
\c@biburlbigbreakpenalty=\count484
\c@biburlbreakpenalty=\count485
\c@biburlnumpenalty=\count486
\c@biburlucpenalty=\count487
\c@biburllcpenalty=\count488
\biburlbigskip=\muskip21
\biburlnumskip=\muskip22
\biburlucskip=\muskip23
\biburllcskip=\muskip24
\c@smartand=\count489
)
Package biblatex Info: Trying to load bibliography style 'ieee'...
Package biblatex Info: ... file 'ieee.bbx' found.

(/usr/local/texlive/2025/texmf-dist/tex/latex/biblatex-ieee/ieee.bbx
File: ieee.bbx 2025-01-15 v1.4c biblatex bibliography style
Package biblatex Info: Trying to load bibliography style 'numeric-comp'...
Package biblatex Info: ... file 'numeric-comp.bbx' found.

(/usr/local/texlive/2025/texmf-dist/tex/latex/biblatex/bbx/numeric-comp.bbx
File: numeric-comp.bbx 2024/03/21 v3.20 biblatex bibliography style (PK/MW)
Package biblatex Info: Trying to load bibliography style 'numeric'...
Package biblatex Info: ... file 'numeric.bbx' found.

(/usr/local/texlive/2025/texmf-dist/tex/latex/biblatex/bbx/numeric.bbx
File: numeric.bbx 2024/03/21 v3.20 biblatex bibliography style (PK/MW)
Package biblatex Info: Trying to load bibliography style 'standard'...
Package biblatex Info: ... file 'standard.bbx' found.

(/usr/local/texlive/2025/texmf-dist/tex/latex/biblatex/bbx/standard.bbx
File: standard.bbx 2024/03/21 v3.20 biblatex bibliography style (PK/MW)
\c@bbx:relatedcount=\count490
\c@bbx:relatedtotal=\count491
))))
Package biblatex Info: Trying to load citation style 'ieee'...
Package biblatex Info: ... file 'ieee.cbx' found.

(/usr/local/texlive/2025/texmf-dist/tex/latex/biblatex-ieee/ieee.cbx
File: ieee.cbx 2025-01-15 v1.4c biblatex citation style
Package biblatex Info: Trying to load citation style 'numeric-verb'...
Package biblatex Info: ... file 'numeric-verb.cbx' found.

(/usr/local/texlive/2025/texmf-dist/tex/latex/biblatex/cbx/numeric-verb.cbx
File: numeric-verb.cbx 2024/03/21 v3.20 biblatex citation style (PK/MW)
Package biblatex Info: Redefining '\cite'.
Package biblatex Info: Redefining '\parencite'.
Package biblatex Info: Redefining '\footcite'.
Package biblatex Info: Redefining '\footcitetext'.
Package biblatex Info: Redefining '\smartcite'.
Package biblatex Info: Redefining '\textcite'.
Package biblatex Info: Redefining '\supercite'.
Package biblatex Info: Redefining '\parencites'.
Package biblatex Info: Redefining '\smartcites'.
Package biblatex Info: Redefining '\textcites'.
))
Package biblatex Info: Trying to load configuration file...
Package biblatex Info: ... file 'biblatex.cfg' found.

(/usr/local/texlive/2025/texmf-dist/tex/latex/biblatex/biblatex.cfg
File: biblatex.cfg 
)
Package biblatex Info: XeTeX detected.
(biblatex)             Assuming input encoding 'utf8'.
Package biblatex Info: Document encoding is UTF8 ....
Package biblatex Info: ... and expl3
(biblatex)             2025-01-18 L3 programming layer (loader) 
(biblatex)             is new enough (at least 2020/04/06),
(biblatex)             setting 'casechanger=expl3'.

(/usr/local/texlive/2025/texmf-dist/tex/latex/biblatex/blx-case-expl3.sty
Package: blx-case-expl3 2024/03/21 v3.20 expl3 case changing code for biblatex
))
(/usr/local/texlive/2025/texmf-dist/tex/latex/glossaries-extra/glossaries-extra
.sty
Package: glossaries-extra 2025/03/04 v1.57 (NLCT)
 (/usr/local/texlive/2025/texmf-dist/tex/latex/xkeyval/xkeyval.sty
Package: xkeyval 2022/06/16 v2.9 package option processing (HA)

(/usr/local/texlive/2025/texmf-dist/tex/generic/xkeyval/xkeyval.tex
(/usr/local/texlive/2025/texmf-dist/tex/generic/xkeyval/xkvutils.tex
\XKV@toks=\toks41
\XKV@tempa@toks=\toks42
)
\XKV@depth=\count492
File: xkeyval.tex 2014/12/03 v2.7a key=value parser (HA)
))
(/usr/local/texlive/2025/texmf-dist/tex/latex/glossaries/base/glossaries.sty
Package: glossaries 2025/03/03 v4.56 (NLCT)

(/usr/local/texlive/2025/texmf-dist/tex/latex/mfirstuc/mfirstuc.sty
Package: mfirstuc 2022/10/14 v2.08 (NLCT)
\@glsmfirst=\toks43
\@glsmrest=\toks44
)
(/usr/local/texlive/2025/texmf-dist/tex/latex/xfor/xfor.sty
Package: xfor 2009/02/05 v1.05 (NLCT)
)
(/usr/local/texlive/2025/texmf-dist/tex/latex/tracklang/tracklang.sty
Package: tracklang 2025/03/04 v1.6.5 (NLCT) Track Languages

(/usr/local/texlive/2025/texmf-dist/tex/generic/tracklang/tracklang.tex))
(/usr/local/texlive/2025/texmf-dist/tex/latex/glossaries-spanish/glossaries-spa
nish.ldf
File: glossaries-spanish.ldf 2014/11/23 v1.0

(/usr/local/texlive/2025/texmf-dist/tex/latex/glossaries-spanish/glossaries-spa
nish-utf8.ldf))
(/usr/local/texlive/2025/texmf-dist/tex/latex/datatool/datatool-base.sty
Package: datatool-base 2025/03/05 v3.0.1 (NLCT)

(/usr/local/texlive/2025/texmf-dist/tex/latex/datatool/datatool-l3fp.def
File: datatool-l3fp.def 2025/03/05 v3.0.1 (NLCT)
)
\@dtl@toks=\toks45
\@dtl@tmpcount=\count493
\dtl@tmplength=\skip113
\l__datatool_measure_box=\box68
\dtl@sortresult=\count494

(/usr/local/texlive/2025/texmf-dist/tex/latex/datatool/datatool-utf8.ldf
File: datatool-utf8.ldf 2025/03/05 v3.0.1 (NLCT)
)
\@dtl@datatype=\count495
\l__datatool_tmpa_int=\count496
\l__datatool_tmpb_int=\count497
\l__datatool_tmpc_int=\count498
\l__datatool_tmpd_int=\count499
\l__datatool_count_int=\count500
\l__datatool_tmp_datatype_int=\count501
\l__datatool_tmpa_dim=\dimen284
\l__datatool_tmpb_dim=\dimen285
\c_datatool_unknown_int=\count502
\l__datatool_year_int=\count503
\l__datatool_month_int=\count504
\l__datatool_day_int=\count505
\l__datatool_hour_int=\count506
\l__datatool_minute_int=\count507
\l__datatool_second_int=\count508
\l__datatool_tzhour_int=\count509
\l__datatool_tzminute_int=\count510
\l__datatool_julian_int=\count511
\l__datatool_local_julian_int=\count512
\l__datatool_prefix_int=\count513
\l__datatool_suffix_int=\count514
\@dtl@foreach@level=\count515


Package tracklang Warning: No `datatool' support for dialect `spanish'  on inpu
t line 9897.

\dtl@codeA=\count516
\dtl@codeB=\count517
)
\gls@level=\count518
\@gls@tmpb=\toks46
\gls@tmplen=\skip114
\glskeylisttok=\toks47
\glslabeltok=\toks48
\glsshorttok=\toks49
\glslongtok=\toks50

(/usr/local/texlive/2025/texmf-dist/tex/latex/glossaries/styles/glossary-hypern
av.sty
Package: glossary-hypernav 2025/03/03 v4.56 (NLCT)
)
(/usr/local/texlive/2025/texmf-dist/tex/latex/glossaries/styles/glossary-list.s
ty
Package: glossary-list 2025/03/03 v4.56 (NLCT)
\glslistdottedwidth=\skip115
)
(/usr/local/texlive/2025/texmf-dist/tex/latex/glossaries/styles/glossary-long.s
ty
Package: glossary-long 2025/03/03 v4.56 (NLCT)
 (/usr/local/texlive/2025/texmf-dist/tex/latex/tools/longtable.sty
Package: longtable 2024-10-27 v4.22 Multi-page Table package (DPC)
\LTleft=\skip116
\LTright=\skip117
\LTpre=\skip118
\LTpost=\skip119
\LTchunksize=\count519
\LTcapwidth=\dimen286
\LT@head=\box69
\LT@firsthead=\box70
\LT@foot=\box71
\LT@lastfoot=\box72
\LT@gbox=\box73
\LT@cols=\count520
\LT@rows=\count521
\c@LT@tables=\count522
\c@LT@chunks=\count523
\LT@p@ftn=\toks51
)
\glsdescwidth=\skip120
\glspagelistwidth=\skip121
)
(/usr/local/texlive/2025/texmf-dist/tex/latex/glossaries/styles/glossary-super.
sty
Package: glossary-super 2025/03/03 v4.56 (NLCT)
 (/usr/local/texlive/2025/texmf-dist/tex/latex/supertabular/supertabular.sty
Package: supertabular 2024/07/20 v4.2c the supertabular environment
\c@tracingst=\count524
\ST@wd=\dimen287
\ST@rightskip=\skip122
\ST@leftskip=\skip123
\ST@parfillskip=\skip124
\ST@pageleft=\dimen288
\ST@headht=\dimen289
\ST@tailht=\dimen290
\ST@pagesofar=\dimen291
\ST@pboxht=\dimen292
\ST@rowht=\dimen293
\ST@prevht=\dimen294
\ST@toadd=\dimen295
\ST@dimen=\dimen296
\ST@pbox=\box74
))
(/usr/local/texlive/2025/texmf-dist/tex/latex/glossaries/styles/glossary-tree.s
ty
Package: glossary-tree 2025/03/03 v4.56 (NLCT)
\glstreeindent=\skip125
))
\@glsxtr@leveloffset=\count525
\glsxtrresourcecount=\count526
\@glsxtrnewgls@inner=\count527
\glsshortpltok=\toks52
\glslongpltok=\toks53

(/usr/local/texlive/2025/texmf-dist/tex/latex/glossaries-extra/glossaries-extra
-abbrstyles.def
File: glossaries-extra-abbrstyles.def 2025/03/04 v1.57 (NLCT)
)
\mglselementindex=\count528
)
\glswrite=\write4
\glo@main@file=\write5
\openout5 = `report.glo'.

Package glossaries Info: Writing glossary file report.glo on input line 709.
\glo@acronym@file=\write6
\openout6 = `report.acn'.

Package glossaries Info: Writing glossary file report.acn on input line 709.
)
Package csquotes Info: Checking for multilingual support...
Package csquotes Info: ... found 'babel' package.
Package csquotes Info: Adjusting default style.
Package csquotes Info: Redefining alias 'default' -> 'spanish'.

(/usr/local/texlive/2025/texmf-dist/tex/latex/ccicons/ccicons.sty
Package: ccicons 2017/10/30 v1.6 LaTeX support for Creative Commons icons
)
(./report.aux
LaTeX Info: Redefining \. on input line 20.
LaTeX Info: Redefining \% on input line 20.
)
\openout1 = `report.aux'.

LaTeX Font Info:    Checking defaults for OML/cmm/m/it on input line 209.
LaTeX Font Info:    ... okay on input line 209.
LaTeX Font Info:    Checking defaults for OMS/cmsy/m/n on input line 209.
LaTeX Font Info:    ... okay on input line 209.
LaTeX Font Info:    Checking defaults for OT1/cmr/m/n on input line 209.
LaTeX Font Info:    ... okay on input line 209.
LaTeX Font Info:    Checking defaults for T1/cmr/m/n on input line 209.
LaTeX Font Info:    ... okay on input line 209.
LaTeX Font Info:    Checking defaults for TS1/cmr/m/n on input line 209.
LaTeX Font Info:    ... okay on input line 209.
LaTeX Font Info:    Checking defaults for TU/lmr/m/n on input line 209.
LaTeX Font Info:    ... okay on input line 209.
LaTeX Font Info:    Checking defaults for OMX/cmex/m/n on input line 209.
LaTeX Font Info:    ... okay on input line 209.
LaTeX Font Info:    Checking defaults for U/cmr/m/n on input line 209.
LaTeX Font Info:    ... okay on input line 209.
LaTeX Font Info:    Checking defaults for PD1/pdf/m/n on input line 209.
LaTeX Font Info:    ... okay on input line 209.
LaTeX Font Info:    Checking defaults for PU/pdf/m/n on input line 209.
LaTeX Font Info:    ... okay on input line 209.
LaTeX Info: Redefining \. on input line 209.
LaTeX Info: Redefining \% on input line 209.

*geometry* driver: auto-detecting
*geometry* detected driver: xetex
*geometry* verbose mode - [ preamble ] result:
* driver: xetex
* paper: <default>
* layout: <same size as paper>
* layoutoffset:(h,v)=(0.0pt,0.0pt)
* modes: 
* h-part:(L,W,R)=(71.13188pt, 455.24411pt, 71.13188pt)
* v-part:(T,H,B)=(99.58464pt, 660.10394pt, 85.35826pt)
* \paperwidth=597.50787pt
* \paperheight=845.04684pt
* \textwidth=455.24411pt
* \textheight=660.10394pt
* \oddsidemargin=-1.1381pt
* \evensidemargin=-1.1381pt
* \topmargin=-4.55914pt
* \headheight=15.8pt
* \headsep=19.8738pt
* \topskip=12.0pt
* \footskip=30.0pt
* \marginparwidth=38.0pt
* \marginparsep=7.0pt
* \columnsep=10.0pt
* \skip\footins=10.8pt plus 4.0pt minus 2.0pt
* \hoffset=0.0pt
* \voffset=0.0pt
* \mag=1000
* \@twocolumnfalse
* \@twosidefalse
* \@mparswitchfalse
* \@reversemarginfalse
* (1in=72.27pt=25.4mm, 1cm=28.453pt)


Package fontspec Info: 
(fontspec)             Adjusting the maths setup (use [no-math] to avoid
(fontspec)             this).

\symlegacymaths=\mathgroup6
LaTeX Font Info:    Overwriting symbol font `legacymaths' in version `bold'
(Font)                  OT1/cmr/m/n --> OT1/cmr/bx/n on input line 209.
LaTeX Font Info:    Redeclaring math accent \acute on input line 209.
LaTeX Font Info:    Redeclaring math accent \grave on input line 209.
LaTeX Font Info:    Redeclaring math accent \ddot on input line 209.
LaTeX Font Info:    Redeclaring math accent \tilde on input line 209.
LaTeX Font Info:    Redeclaring math accent \bar on input line 209.
LaTeX Font Info:    Redeclaring math accent \breve on input line 209.
LaTeX Font Info:    Redeclaring math accent \check on input line 209.
LaTeX Font Info:    Redeclaring math accent \hat on input line 209.
LaTeX Font Info:    Redeclaring math accent \dot on input line 209.
LaTeX Font Info:    Redeclaring math accent \mathring on input line 209.
LaTeX Font Info:    Redeclaring math symbol \Gamma on input line 209.
LaTeX Font Info:    Redeclaring math symbol \Delta on input line 209.
LaTeX Font Info:    Redeclaring math symbol \Theta on input line 209.
LaTeX Font Info:    Redeclaring math symbol \Lambda on input line 209.
LaTeX Font Info:    Redeclaring math symbol \Xi on input line 209.
LaTeX Font Info:    Redeclaring math symbol \Pi on input line 209.
LaTeX Font Info:    Redeclaring math symbol \Sigma on input line 209.
LaTeX Font Info:    Redeclaring math symbol \Upsilon on input line 209.
LaTeX Font Info:    Redeclaring math symbol \Phi on input line 209.
LaTeX Font Info:    Redeclaring math symbol \Psi on input line 209.
LaTeX Font Info:    Redeclaring math symbol \Omega on input line 209.
LaTeX Font Info:    Redeclaring math symbol \mathdollar on input line 209.
LaTeX Font Info:    Redeclaring symbol font `operators' on input line 209.
LaTeX Font Info:    Encoding `OT1' has changed to `TU' for symbol font
(Font)              `operators' in the math version `normal' on input line 209.

LaTeX Font Info:    Overwriting symbol font `operators' in version `normal'
(Font)                  OT1/cmr/m/n --> TU/SourceSerif4(0)/m/n on input line 20
9.
LaTeX Font Info:    Encoding `OT1' has changed to `TU' for symbol font
(Font)              `operators' in the math version `bold' on input line 209.
LaTeX Font Info:    Overwriting symbol font `operators' in version `bold'
(Font)                  OT1/cmr/bx/n --> TU/SourceSerif4(0)/m/n on input line 2
09.
LaTeX Font Info:    Overwriting symbol font `operators' in version `normal'
(Font)                  TU/SourceSerif4(0)/m/n --> TU/SourceSerif4(0)/m/n on in
put line 209.
LaTeX Font Info:    Overwriting math alphabet `\mathit' in version `normal'
(Font)                  OT1/cmr/m/it --> TU/SourceSerif4(0)/m/it on input line 
209.
LaTeX Font Info:    Overwriting math alphabet `\mathbf' in version `normal'
(Font)                  OT1/cmr/bx/n --> TU/SourceSerif4(0)/b/n on input line 2
09.
LaTeX Font Info:    Overwriting math alphabet `\mathsf' in version `normal'
(Font)                  OT1/cmss/m/n --> TU/Helvetica(0)/m/n on input line 209.

LaTeX Font Info:    Overwriting math alphabet `\mathtt' in version `normal'
(Font)                  OT1/cmtt/m/n --> TU/Menlo(0)/m/n on input line 209.
LaTeX Font Info:    Overwriting symbol font `operators' in version `bold'
(Font)                  TU/SourceSerif4(0)/m/n --> TU/SourceSerif4(0)/b/n on in
put line 209.
LaTeX Font Info:    Overwriting math alphabet `\mathit' in version `bold'
(Font)                  OT1/cmr/bx/it --> TU/SourceSerif4(0)/b/it on input line
 209.
LaTeX Font Info:    Overwriting math alphabet `\mathsf' in version `bold'
(Font)                  OT1/cmss/bx/n --> TU/Helvetica(0)/b/n on input line 209
.
LaTeX Font Info:    Overwriting math alphabet `\mathtt' in version `bold'
(Font)                  OT1/cmtt/m/n --> TU/Menlo(0)/b/n on input line 209.
LaTeX Info: Redefining \microtypecontext on input line 209.
Package microtype Info: Applying patch `item' on input line 209.
Package microtype Info: Applying patch `toc' on input line 209.
Package microtype Info: Applying patch `eqnum' on input line 209.
Package microtype Info: Applying patch `footnote' on input line 209.
Package microtype Info: Applying patch `verbatim' on input line 209.
LaTeX Info: Redefining \microtypesetup on input line 209.
Package microtype Info: Character protrusion enabled (level 2).
Package microtype Info: Using default protrusion set `alltext'.
Package microtype Info: No adjustment of tracking.
Package microtype Info: No adjustment of spacing.
Package microtype Info: No adjustment of kerning.
Package microtype Info: Loading generic protrusion settings for font family
(microtype)             `SourceSerif4' (encoding: TU).
(microtype)             For optimal results, create family-specific settings.
(microtype)             See the microtype manual for details.
Package caption Info: Begin \AtBeginDocument code.
Package caption Info: hyperref package is loaded.
Package caption Info: listings package is loaded.
Package caption Info: longtable package is loaded.
(/usr/local/texlive/2025/texmf-dist/tex/latex/caption/ltcaption.sty
Package: ltcaption 2021/01/08 v1.4c longtable captions (AR)
)
Package caption Info: supertabular package is loaded.
Package caption Info: End \AtBeginDocument code.
Package hyperref Info: Link coloring ON on input line 209.

(./report.out) (./report.out)
\@outlinefile=\write7
\openout7 = `report.out'.

\c@lstlisting=\count529
Package biblatex Info: Trying to load language 'spanish'...
Package biblatex Info: ... file 'spanish.lbx' found.

(/usr/local/texlive/2025/texmf-dist/tex/latex/biblatex/lbx/spanish.lbx
File: spanish.lbx 2024/03/21 v3.20 biblatex localization (PK/MW)
)
Package biblatex Info: XeTeX detected.
(biblatex)             Assuming input encoding 'utf8'.
Package biblatex Info: Automatic encoding selection.
(biblatex)             Assuming data encoding 'utf8'.
\openout3 = `report.bcf'.

Package biblatex Info: Trying to load bibliographic data...
Package biblatex Info: ... file 'report.bbl' found.

(./report.bbl)
Package biblatex Info: Reference section=0 on input line 209.
Package biblatex Info: Reference segment=0 on input line 209.
Package microtype Info: Loading generic protrusion settings for font family
(microtype)             `Helvetica' (encoding: TU).
(microtype)             For optimal results, create family-specific settings.
(microtype)             See the microtype manual for details.

Overfull \hbox (18.0pt too wide) in paragraph at lines 209--209
[][] 
 []



File: upm-report/images/upm-logotipo.png Graphic file (type bmp)
<upm-report/images/upm-logotipo.png>
[1

\openout4 = `report.ist'.

]
Underfull \hbox (badness 10000) in paragraph at lines 209--209

 []


Underfull \hbox (badness 10000) in paragraph at lines 209--209

 []

LaTeX Font Info:    Trying to load font information for U+msa on input line 209
.
(/usr/local/texlive/2025/texmf-dist/tex/latex/amsfonts/umsa.fd
File: umsa.fd 2013/01/14 v3.01 AMS symbols A
)
(/usr/local/texlive/2025/texmf-dist/tex/latex/microtype/mt-msa.cfg
File: mt-msa.cfg 2006/02/04 v1.1 microtype config. file: AMS symbols (a) (RS)
)
LaTeX Font Info:    Trying to load font information for U+msb on input line 209
.

(/usr/local/texlive/2025/texmf-dist/tex/latex/amsfonts/umsb.fd
File: umsb.fd 2013/01/14 v3.01 AMS symbols B
)
(/usr/local/texlive/2025/texmf-dist/tex/latex/microtype/mt-msb.cfg
File: mt-msb.cfg 2005/06/01 v1.0 microtype config. file: AMS symbols (b) (RS)
)
(/usr/local/texlive/2025/texmf-dist/tex/latex/microtype/mt-cmr.cfg
File: mt-cmr.cfg 2013/05/19 v2.2 microtype config. file: Computer Modern Roman 
(RS)
)
Package microtype Info: Loading generic protrusion settings for font family
(microtype)             `Menlo' (encoding: TU).
(microtype)             For optimal results, create family-specific settings.
(microtype)             See the microtype manual for details.

Overfull \hbox (34.3555pt too wide) in paragraph at lines 209--209
| \TU/Menlo(0)/m/n/10 title = {PANOT: Plataforma Mvil para la Gestin de la In
teligencia Relacional
 []


Underfull \hbox (badness 10000) in paragraph at lines 209--209

 []


Underfull \hbox (badness 10000) in paragraph at lines 209--209
[]\TU/SourceSerif4(0)/m/n/10 Esta obra est bajo una licencia [][]Creative Comm
ons   Atribucin-
 []


Underfull \hbox (badness 10000) in paragraph at lines 209--209
\TU/SourceSerif4(0)/m/n/10 NoComercial-CompartirIgual 4.0 Internacional[][]. O
bra derivada de
 []

File: doclicense-CC-by-nc-sa-88x31.pdf Graphic file (type pdf)
<use doclicense-CC-by-nc-sa-88x31.pdf>

Underfull \hbox (badness 10000) in paragraph at lines 209--209

 []



[2

]

[3

]

[4


]

[5


]

[6


] (./report.toc
LaTeX Info: Redefining \sptext on input line 1.
LaTeX Info: Redefining \. on input line 1.
LaTeX Info: Redefining \% on input line 1.


[1


])
\tf@toc=\write8
\openout8 = `report.toc'.



LaTeX Info: Redefining \. on input line 209.
LaTeX Info: Redefining \% on input line 209.
[2] (./report.lof
LaTeX Info: Redefining \sptext on input line 1.
LaTeX Info: Redefining \. on input line 1.
LaTeX Info: Redefining \% on input line 1.

Overfull \hbox (15.21608pt too wide) in paragraph at lines 7--7
 [][] [][][]\TU/SourceSerif4(0)/m/n/12 Visualizacin de las columnas del tabler
o Kanban implementado en GitHub 
 []

)
\tf@lof=\write9
\openout9 = `report.lof'.



[3

] (./report.lot
LaTeX Info: Redefining \sptext on input line 1.
LaTeX Info: Redefining \. on input line 1.
LaTeX Info: Redefining \% on input line 1.
)
\tf@lot=\write10
\openout10 = `report.lot'.



[4

] (./chapter1-intro/chapter1-intro.tex
Captulo 1.
(./chapter1-intro/1-motivacion.tex) (./chapter1-intro/2-descripcion-alcance.tex
) (./chapter1-intro/3-objetivos.tex) (./chapter1-intro/4-estructura-memoria.tex
)) (./chapter2-fundamentos/chapter2-fundamentos.tex

[1


]
Captulo 2.
(./chapter2-fundamentos/1-gestion-inteligencia-relacional.tex

[2

]

LaTeX Info: Redefining \. on input line 47.
LaTeX Info: Redefining \% on input line 47.
[3]

LaTeX Info: Redefining \. on input line 89.
LaTeX Info: Redefining \% on input line 89.
[4]
File: figures/grafo-contexto-maria.png Graphic file (type bmp)
<figures/grafo-contexto-maria.png>


LaTeX Info: Redefining \. on input line 147.
LaTeX Info: Redefining \% on input line 147.
[5]

LaTeX Info: Redefining \. on input line 165.
LaTeX Info: Redefining \% on input line 165.
[6]

LaTeX Info: Redefining \. on input line 193.
LaTeX Info: Redefining \% on input line 193.
[7]) (./chapter2-fundamentos/2-paradigmas-diseno-producto.tex

LaTeX Info: Redefining \. on input line 22.
LaTeX Info: Redefining \% on input line 22.
[8]) (./chapter2-fundamentos/3-privacidad-eficiencia-diseno.tex

LaTeX Info: Redefining \. on input line 12.
LaTeX Info: Redefining \% on input line 12.
[9]

LaTeX Info: Redefining \. on input line 46.
LaTeX Info: Redefining \% on input line 46.
[10]

LaTeX Info: Redefining \. on input line 83.
LaTeX Info: Redefining \% on input line 83.
[11]

LaTeX Info: Redefining \. on input line 114.
LaTeX Info: Redefining \% on input line 114.
[12]

LaTeX Info: Redefining \. on input line 141.
LaTeX Info: Redefining \% on input line 141.
[13]

LaTeX Info: Redefining \. on input line 170.
LaTeX Info: Redefining \% on input line 170.
[14]) (./chapter2-fundamentos/4-contexto-tecnologico.tex

LaTeX Info: Redefining \. on input line 18.
LaTeX Info: Redefining \% on input line 18.
[15]

LaTeX Info: Redefining \. on input line 52.
LaTeX Info: Redefining \% on input line 52.
[16]

LaTeX Info: Redefining \. on input line 81.
LaTeX Info: Redefining \% on input line 81.
[17]
Overfull \hbox (0.8708pt too wide) in paragraph at lines 85--87
[]\TU/SourceSerif4(0)/b/n/12 Sincronizacin en tiempo real\TU/SourceSerif4(0)/m
/n/12 : \TU/SourceSerif4(0)/m/it/12 Supabase \TU/SourceSerif4(0)/m/n/12 ofrece 
capacidades de suscripcin a cam-
 []



LaTeX Info: Redefining \. on input line 113.
LaTeX Info: Redefining \% on input line 113.
[18]

LaTeX Info: Redefining \. on input line 147.
LaTeX Info: Redefining \% on input line 147.
[19]

LaTeX Info: Redefining \. on input line 177.
LaTeX Info: Redefining \% on input line 177.
[20]

LaTeX Info: Redefining \. on input line 207.
LaTeX Info: Redefining \% on input line 207.
[21]

LaTeX Info: Redefining \. on input line 237.
LaTeX Info: Redefining \% on input line 237.
[22])) (./chapter3-desarrollo/chapter3-desarrollo.tex

LaTeX Info: Redefining \. on input line 1.
LaTeX Info: Redefining \% on input line 1.
[23]
Captulo 3.
(./chapter3-desarrollo/1-filosofia-metodologia.tex

[24

]
File: figures/gitflow-diagram.png Graphic file (type bmp)
<figures/gitflow-diagram.png>


LaTeX Info: Redefining \. on input line 65.
LaTeX Info: Redefining \% on input line 65.
[25]
Missing character: There is no  ("BA) in font cmmi12!


LaTeX Info: Redefining \. on input line 86.
LaTeX Info: Redefining \% on input line 86.
[26]
File: figures/tablero-kanban.png Graphic file (type bmp)
<figures/tablero-kanban.png>
) (./chapter3-desarrollo/2-especificacion-requisitos.tex

LaTeX Info: Redefining \. on input line 14.
LaTeX Info: Redefining \% on input line 14.
[27]
Underfull \hbox (badness 10000) in paragraph at lines 52--55

 []



LaTeX Info: Redefining \. on input line 55.
LaTeX Info: Redefining \% on input line 55.
[28]
Overfull \hbox (1.864pt too wide) in alignment at lines 84--84
[][] 
 []


Overfull \hbox (1.864pt too wide) in alignment at lines 101--101
[][] 
 []


Overfull \hbox (1.864pt too wide) in alignment at lines 116--116
[][] 
 []



LaTeX Info: Redefining \. on input line 120.
LaTeX Info: Redefining \% on input line 120.
[29]
Overfull \hbox (1.864pt too wide) in alignment at lines 129--129
[][] 
 []


Overfull \hbox (1.864pt too wide) in alignment at lines 142--142
[][] 
 []



LaTeX Info: Redefining \. on input line 147.
LaTeX Info: Redefining \% on input line 147.
[30]
Underfull \hbox (badness 10000) in paragraph at lines 150--152

 []


Overfull \hbox (1.86401pt too wide) in alignment at lines 168--168
[][][][] 
 []



LaTeX Info: Redefining \. on input line 173.
LaTeX Info: Redefining \% on input line 173.
[31]) (./chapter3-desarrollo/3-diseno-arquitectura.tex)
(./chapter3-desarrollo/4-fases-implementacion.tex)
(./chapter3-desarrollo/5-despliegue-lanzamiento.tex))
(./chapter4-resultados/chapter4-resultados.tex

LaTeX Info: Redefining \. on input line 1.
LaTeX Info: Redefining \% on input line 1.
[32]
Captulo 4.
) (./chapter5-conclusiones/chapter5-conclusiones.tex

[33

]
Captulo 5.
(./chapter5-conclusiones/1-conclusiones-generales.tex)
(./chapter5-conclusiones/2-aplicacion-conocimientos.tex)
(./chapter5-conclusiones/3-lineas-trabajo-futuro.tex))

[34

]

[35


] (./report.gls

[36

]) (./report.acr

LaTeX Info: Redefining \. on input line 30.
LaTeX Info: Redefining \% on input line 30.
[37])

LaTeX Info: Redefining \. on input line 220.
LaTeX Info: Redefining \% on input line 220.
[38]
File: upm-report/images/etsisi-isotipo-white.pdf Graphic file (type pdf)
<use upm-report/images/etsisi-isotipo-white.pdf>


(/usr/local/texlive/2025/texmf-dist/tex/generic/stringenc/se-utf32be.def
File: se-utf32be.def 2019/11/29 v1.12 stringenc: UTF-32BE
)
(/usr/local/texlive/2025/texmf-dist/tex/generic/stringenc/se-pdfdoc.def
File: se-pdfdoc.def 2019/11/29 v1.12 stringenc: PDFDocEncoding
)
[39

] (./report.aux
LaTeX Info: Redefining \sptext on input line 20.
LaTeX Info: Redefining \. on input line 20.
LaTeX Info: Redefining \% on input line 20.
)
 ***********
LaTeX2e <2024-11-01> patch level 2
L3 programming layer <2025-01-18>
 ***********
Package rerunfilecheck Info: File `report.out' has not changed.
(rerunfilecheck)             Checksum: 3BBCF7D81F218C6513A1B2E2ED5E3962;4722.
Package logreq Info: Writing requests to 'report.run.xml'.
\openout1 = `report.run.xml'.

 ) 
Here is how much of TeX's memory you used:
 43254 strings out of 473832
 849599 string characters out of 5729480
 1983760 words of memory out of 5000000
 65667 multiletter control sequences out of 15000+600000
 567537 words of font info for 125 fonts, out of 8000000 for 9000
 1348 hyphenation exceptions out of 8191
 95i,12n,107p,2414b,32882s stack positions out of 10000i,1000n,20000p,200000b,200000s

Output written on report.pdf (49 pages).
